<?xml version="1.0" encoding="UTF-8"?>
<testng-results ignored="0" total="4" passed="3" failed="1" skipped="0">
  <reporter-output>
  </reporter-output>
  <suite started-at="2023-03-08T11:56:12 EET" name="MyTestSuite" finished-at="2023-03-08T11:56:30 EET" duration-ms="18010">
    <groups>
    </groups>
    <test started-at="2023-03-08T11:56:12 EET" name="MyTest" finished-at="2023-03-08T11:56:30 EET" duration-ms="18010">
      <class name="tests.LoginTests">
        <test-method is-config="true" signature="setUp()[pri:0, instance:tests.LoginTests@36ef1d65]" started-at="2023-03-08T11:56:12 EET" name="setUp" finished-at="2023-03-08T11:56:16 EET" duration-ms="3747" status="PASS">
          <reporter-output>
          </reporter-output>
        </test-method> <!-- setUp -->
        <test-method signature="loginTest(models.LoginData)[pri:0, instance:tests.LoginTests@36ef1d65]" started-at="2023-03-08T11:56:16 EET" name="loginTest" data-provider="loginDataProvider" finished-at="2023-03-08T11:56:17 EET" duration-ms="1553" status="PASS">
          <params>
            <param index="0">
              <value>
                <![CDATA[models.LoginData@44864ebe]]>
              </value>
            </param>
          </params>
          <reporter-output>
          </reporter-output>
        </test-method> <!-- loginTest -->
        <test-method is-config="true" signature="tearDown()[pri:0, instance:tests.LoginTests@36ef1d65]" started-at="2023-03-08T11:56:17 EET" name="tearDown" finished-at="2023-03-08T11:56:18 EET" duration-ms="142" status="PASS">
          <reporter-output>
          </reporter-output>
        </test-method> <!-- tearDown -->
        <test-method is-config="true" signature="setUp()[pri:0, instance:tests.LoginTests@36ef1d65]" started-at="2023-03-08T11:56:18 EET" name="setUp" finished-at="2023-03-08T11:56:18 EET" duration-ms="921" status="PASS">
          <reporter-output>
          </reporter-output>
        </test-method> <!-- setUp -->
        <test-method signature="loginTest(models.LoginData)[pri:0, instance:tests.LoginTests@36ef1d65]" started-at="2023-03-08T11:56:18 EET" name="loginTest" data-provider="loginDataProvider" finished-at="2023-03-08T11:56:19 EET" duration-ms="878" status="FAIL">
          <params>
            <param index="0">
              <value>
                <![CDATA[models.LoginData@50ef2906]]>
              </value>
            </param>
          </params>
          <exception class="java.lang.AssertionError">
            <message>
              <![CDATA[expected [https://www.saucedemo.com/inventory.html] but found [https://www.saucedemo.com/]]]>
            </message>
            <full-stacktrace>
              <![CDATA[java.lang.AssertionError: expected [https://www.saucedemo.com/inventory.html] but found [https://www.saucedemo.com/]
at org.testng.Assert.fail(Assert.java:110)
at org.testng.Assert.failNotEquals(Assert.java:1577)
at org.testng.Assert.assertEqualsImpl(Assert.java:149)
at org.testng.Assert.assertEquals(Assert.java:131)
at org.testng.Assert.assertEquals(Assert.java:655)
at org.testng.Assert.assertEquals(Assert.java:665)
at tests.LoginTests.loginTest(LoginTests.java:24)
at java.base/jdk.internal.reflect.NativeMethodAccessorImpl.invoke0(Native Method)
at java.base/jdk.internal.reflect.NativeMethodAccessorImpl.invoke(NativeMethodAccessorImpl.java:62)
at java.base/jdk.internal.reflect.DelegatingMethodAccessorImpl.invoke(DelegatingMethodAccessorImpl.java:43)
at java.base/java.lang.reflect.Method.invoke(Method.java:566)
at org.testng.internal.invokers.MethodInvocationHelper.invokeMethod(MethodInvocationHelper.java:139)
at org.testng.internal.invokers.TestInvoker.invokeMethod(TestInvoker.java:677)
at org.testng.internal.invokers.TestInvoker.invokeTestMethod(TestInvoker.java:221)
at org.testng.internal.invokers.MethodRunner.runInSequence(MethodRunner.java:50)
at org.testng.internal.invokers.TestInvoker$MethodInvocationAgent.invoke(TestInvoker.java:969)
at org.testng.internal.invokers.TestInvoker.invokeTestMethods(TestInvoker.java:194)
at org.testng.internal.invokers.TestMethodWorker.invokeTestMethods(TestMethodWorker.java:148)
at org.testng.internal.invokers.TestMethodWorker.run(TestMethodWorker.java:128)
at java.base/java.util.ArrayList.forEach(ArrayList.java:1541)
at org.testng.TestRunner.privateRun(TestRunner.java:829)
at org.testng.TestRunner.run(TestRunner.java:602)
at org.testng.SuiteRunner.runTest(SuiteRunner.java:437)
at org.testng.SuiteRunner.runSequentially(SuiteRunner.java:431)
at org.testng.SuiteRunner.privateRun(SuiteRunner.java:391)
at org.testng.SuiteRunner.run(SuiteRunner.java:330)
at org.testng.SuiteRunnerWorker.runSuite(SuiteRunnerWorker.java:52)
at org.testng.SuiteRunnerWorker.run(SuiteRunnerWorker.java:95)
at org.testng.TestNG.runSuitesSequentially(TestNG.java:1256)
at org.testng.TestNG.runSuitesLocally(TestNG.java:1176)
at org.testng.TestNG.runSuites(TestNG.java:1099)
at org.testng.TestNG.run(TestNG.java:1067)
at org.apache.maven.surefire.testng.TestNGExecutor.run(TestNGExecutor.java:283)
at org.apache.maven.surefire.testng.TestNGXmlTestSuite.execute(TestNGXmlTestSuite.java:75)
at org.apache.maven.surefire.testng.TestNGProvider.invoke(TestNGProvider.java:120)
at org.apache.maven.surefire.booter.ForkedBooter.invokeProviderInSameClassLoader(ForkedBooter.java:386)
at org.apache.maven.surefire.booter.ForkedBooter.runSuitesInProcess(ForkedBooter.java:323)
at org.apache.maven.surefire.booter.ForkedBooter.main(ForkedBooter.java:143)
]]>
            </full-stacktrace>
          </exception> <!-- java.lang.AssertionError -->
          <reporter-output>
          </reporter-output>
        </test-method> <!-- loginTest -->
        <test-method is-config="true" signature="tearDown()[pri:0, instance:tests.LoginTests@36ef1d65]" started-at="2023-03-08T11:56:19 EET" name="tearDown" finished-at="2023-03-08T11:56:20 EET" duration-ms="152" status="PASS">
          <reporter-output>
          </reporter-output>
        </test-method> <!-- tearDown -->
        <test-method is-config="true" signature="setUp()[pri:0, instance:tests.LoginTests@36ef1d65]" started-at="2023-03-08T11:56:20 EET" name="setUp" finished-at="2023-03-08T11:56:21 EET" duration-ms="855" status="PASS">
          <reporter-output>
          </reporter-output>
        </test-method> <!-- setUp -->
        <test-method signature="loginTest(models.LoginData)[pri:0, instance:tests.LoginTests@36ef1d65]" started-at="2023-03-08T11:56:21 EET" name="loginTest" data-provider="loginDataProvider" finished-at="2023-03-08T11:56:22 EET" duration-ms="1829" status="PASS">
          <params>
            <param index="0">
              <value>
                <![CDATA[models.LoginData@36cf6377]]>
              </value>
            </param>
          </params>
          <reporter-output>
          </reporter-output>
        </test-method> <!-- loginTest -->
        <test-method is-config="true" signature="tearDown()[pri:0, instance:tests.LoginTests@36ef1d65]" started-at="2023-03-08T11:56:22 EET" name="tearDown" finished-at="2023-03-08T11:56:22 EET" duration-ms="119" status="PASS">
          <reporter-output>
          </reporter-output>
        </test-method> <!-- tearDown -->
        <test-method is-config="true" signature="setUp()[pri:0, instance:tests.LoginTests@36ef1d65]" started-at="2023-03-08T11:56:22 EET" name="setUp" finished-at="2023-03-08T11:56:23 EET" duration-ms="890" status="PASS">
          <reporter-output>
          </reporter-output>
        </test-method> <!-- setUp -->
        <test-method signature="loginTest(models.LoginData)[pri:0, instance:tests.LoginTests@36ef1d65]" started-at="2023-03-08T11:56:23 EET" name="loginTest" data-provider="loginDataProvider" finished-at="2023-03-08T11:56:30 EET" duration-ms="6269" status="PASS">
          <params>
            <param index="0">
              <value>
                <![CDATA[models.LoginData@1ca0aa40]]>
              </value>
            </param>
          </params>
          <reporter-output>
          </reporter-output>
        </test-method> <!-- loginTest -->
        <test-method is-config="true" signature="tearDown()[pri:0, instance:tests.LoginTests@36ef1d65]" started-at="2023-03-08T11:56:30 EET" name="tearDown" finished-at="2023-03-08T11:56:30 EET" duration-ms="138" status="PASS">
          <reporter-output>
          </reporter-output>
        </test-method> <!-- tearDown -->
      </class> <!-- tests.LoginTests -->
    </test> <!-- MyTest -->
  </suite> <!-- MyTestSuite -->
</testng-results>
